<?xml version="1.0" encoding="UTF-8"?>
<!-- Generated by org.testng.reporters.JUnitReportReporter -->
<testsuite hostname="DESKTOP-4O3F2I9" failures="0" tests="2" name="firstMavenPackage.MavenClass1" time="0.004" errors="0" timestamp="2021-08-15T13:45:15 SGT" skipped="0">
  <testcase classname="firstMavenPackage.MavenClass1" name="print2" time="0.001"/>
  <system-out/>
  <testcase classname="firstMavenPackage.MavenClass1" name="print1" time="0.003"/>
  <system-out/>
</testsuite> <!-- firstMavenPackage.MavenClass1 -->
