<?xml version="1.0" encoding="UTF-8"?>
<!-- Generated by org.testng.reporters.JUnitReportReporter -->
<testsuite skipped="2" hostname="DESKTOP-4O3F2I9" name="treasure.Upload" tests="2" failures="0" timestamp="2021-10-08T21:16:22 SGT" time="0.000" errors="0">
  <testcase name="upload" time="0.000" classname="treasure.Upload">
    <skipped/>
  </testcase> <!-- upload -->
  <system-out/>
  <testcase name="download" time="0.000" classname="treasure.Upload">
    <skipped/>
  </testcase> <!-- download -->
  <system-out/>
</testsuite> <!-- treasure.Upload -->
