<?xml version="1.0" encoding="UTF-8"?>
<!-- Generated by org.testng.reporters.JUnitReportReporter -->
<testsuite skipped="0" hostname="DESKTOP-4O3F2I9" name="todo.ManageToDoLists" tests="5" failures="0" timestamp="2021-10-09T15:31:02 SGT" time="1.993" errors="0">
  <testcase name="createToDos" time="0.959" classname="todo.ManageToDoLists"/>
  <system-out/>
  <testcase name="completeToDo" time="0.251" classname="todo.ManageToDoLists"/>
  <system-out/>
  <testcase name="clearCompleted" time="0.290" classname="todo.ManageToDoLists"/>
  <system-out/>
  <testcase name="editToDo" time="0.306" classname="todo.ManageToDoLists"/>
  <system-out/>
  <testcase name="verificationOfTodoCount" time="0.187" classname="todo.ManageToDoLists"/>
  <system-out/>
</testsuite> <!-- todo.ManageToDoLists -->
