<?xml version="1.0" encoding="UTF-8"?>
<!-- Generated by org.testng.reporters.JUnitReportReporter -->
<testsuite hostname="DESKTOP-4O3F2I9" failures="0" tests="1" name="firstMavenPackage.Class2" time="0.000" errors="0" timestamp="2021-08-15T13:45:15 SGT" skipped="0">
  <testcase classname="firstMavenPackage.Class2" name="print1" time="0.000"/>
  <system-out/>
</testsuite> <!-- firstMavenPackage.Class2 -->
